<?xml version="1.0" encoding="UTF-8"?>
<!-- Generated by org.testng.reporters.JUnitXMLReporter -->
<testsuite hostname="P3C-B2KP882" ignored="1" name="TestFF" tests="3" failures="2" timestamp="09 Aug 2018 10:30:08 GMT" time="0.225" errors="0">
  <testcase name="changeMenu1" time="0.107" classname="com.testng.launch">
    <failure type="java.lang.NullPointerException">
      <![CDATA[java.lang.NullPointerException
at com.testng.launch.changeMenu1(launch.java:54)
at java.util.concurrent.FutureTask.run(Unknown Source)
at java.util.concurrent.ThreadPoolExecutor.runWorker(Unknown Source)
at java.util.concurrent.ThreadPoolExecutor$Worker.run(Unknown Source)
at java.lang.Thread.run(Unknown Source)
... Removed 16 stack frames]]>
    </failure>
  </testcase> <!-- changeMenu1 -->
  <testcase name="changeMenu2" time="0.002" classname="com.testng.launch">
    <failure type="java.lang.NullPointerException">
      <![CDATA[java.lang.NullPointerException
at com.testng.launch.changeMenu2(launch.java:60)
at java.util.concurrent.FutureTask.run(Unknown Source)
at java.util.concurrent.ThreadPoolExecutor.runWorker(Unknown Source)
at java.util.concurrent.ThreadPoolExecutor$Worker.run(Unknown Source)
at java.lang.Thread.run(Unknown Source)
... Removed 16 stack frames]]>
    </failure>
  </testcase> <!-- changeMenu2 -->
  <testcase name="changeMenu3" time="0.0" classname="com.testng.launch">
    <skipped/>
  </testcase> <!-- changeMenu3 -->
  <testcase name="f" time="0.0" classname="com.testng.launch">
    <ignored/>
  </testcase> <!-- f -->
</testsuite> <!-- TestFF -->
