<?xml version="1.0" encoding="UTF-8"?>
<!-- Generated by org.testng.reporters.JUnitXMLReporter -->
<testsuite hostname="P3C-B2KP882" ignored="0" name="Test" tests="4" failures="3" timestamp="09 Aug 2018 09:36:03 GMT" time="30.504" errors="0">
  <testcase name="f" time="1.624" classname="com.testng.launch"/>
  <testcase name="changeMenu1" time="0.009" classname="com.testng.launch">
    <failure type="java.lang.NullPointerException">
      <![CDATA[java.lang.NullPointerException
at com.testng.launch.changeMenu1(launch.java:51)
... Removed 25 stack frames]]>
    </failure>
  </testcase> <!-- changeMenu1 -->
  <testcase name="changeMenu2" time="0.002" classname="com.testng.launch">
    <failure type="java.lang.NullPointerException">
      <![CDATA[java.lang.NullPointerException
at com.testng.launch.changeMenu2(launch.java:57)
... Removed 25 stack frames]]>
    </failure>
  </testcase> <!-- changeMenu2 -->
  <testcase name="changeMenu3" time="0.001" classname="com.testng.launch">
    <failure type="java.lang.NullPointerException">
      <![CDATA[java.lang.NullPointerException
at com.testng.launch.changeMenu3(launch.java:63)
... Removed 25 stack frames]]>
    </failure>
  </testcase> <!-- changeMenu3 -->
</testsuite> <!-- Test -->
